0 info it worked if it ends with ok
1 verbose cli [ 'node', '/usr/local/bin/npm', 'publish', './' ]
2 info using npm@1.4.6
3 info using node@v0.10.26
4 verbose node symlink /usr/local/bin/node
5 verbose publish [ './' ]
6 verbose cache add [ './', null ]
7 verbose cache add name=undefined spec="./" args=["./",null]
8 verbose parsed url { protocol: null,
8 verbose parsed url   slashes: null,
8 verbose parsed url   auth: null,
8 verbose parsed url   host: null,
8 verbose parsed url   port: null,
8 verbose parsed url   hostname: null,
8 verbose parsed url   hash: null,
8 verbose parsed url   search: null,
8 verbose parsed url   query: null,
8 verbose parsed url   pathname: './',
8 verbose parsed url   path: './',
8 verbose parsed url   href: './' }
9 silly lockFile 0ee6c175- ./
10 verbose lock ./ /Users/davidmcclure/.npm/0ee6c175-.lock
11 verbose tar pack [ '/var/folders/57/092cvvr53cq1qrhfhqvstjgr0000gn/T/npm-12967-pn_ZW1er/1424646806941-0.2761339333374053/tmp.tgz',
11 verbose tar pack   './' ]
12 verbose tarball /var/folders/57/092cvvr53cq1qrhfhqvstjgr0000gn/T/npm-12967-pn_ZW1er/1424646806941-0.2761339333374053/tmp.tgz
13 verbose folder ./
14 info prepublish radio.controller@0.2.0
15 silly lockFile 04cb2bca-tar tar://./
16 verbose lock tar://./ /Users/davidmcclure/.npm/04cb2bca-tar.lock
17 silly lockFile 1621cde0-06941-0-2761339333374053-tmp-tgz tar:///var/folders/57/092cvvr53cq1qrhfhqvstjgr0000gn/T/npm-12967-pn_ZW1er/1424646806941-0.2761339333374053/tmp.tgz
18 verbose lock tar:///var/folders/57/092cvvr53cq1qrhfhqvstjgr0000gn/T/npm-12967-pn_ZW1er/1424646806941-0.2761339333374053/tmp.tgz /Users/davidmcclure/.npm/1621cde0-06941-0-2761339333374053-tmp-tgz.lock
19 silly lockFile 04cb2bca-tar tar://./
20 silly lockFile 04cb2bca-tar tar://./
21 silly lockFile 1621cde0-06941-0-2761339333374053-tmp-tgz tar:///var/folders/57/092cvvr53cq1qrhfhqvstjgr0000gn/T/npm-12967-pn_ZW1er/1424646806941-0.2761339333374053/tmp.tgz
22 silly lockFile 1621cde0-06941-0-2761339333374053-tmp-tgz tar:///var/folders/57/092cvvr53cq1qrhfhqvstjgr0000gn/T/npm-12967-pn_ZW1er/1424646806941-0.2761339333374053/tmp.tgz
23 verbose tar unpack /var/folders/57/092cvvr53cq1qrhfhqvstjgr0000gn/T/npm-12967-pn_ZW1er/1424646806941-0.2761339333374053/tmp.tgz
24 silly lockFile 1349fcca-06941-0-2761339333374053-package tar:///var/folders/57/092cvvr53cq1qrhfhqvstjgr0000gn/T/npm-12967-pn_ZW1er/1424646806941-0.2761339333374053/package
25 verbose lock tar:///var/folders/57/092cvvr53cq1qrhfhqvstjgr0000gn/T/npm-12967-pn_ZW1er/1424646806941-0.2761339333374053/package /Users/davidmcclure/.npm/1349fcca-06941-0-2761339333374053-package.lock
26 silly lockFile 1621cde0-06941-0-2761339333374053-tmp-tgz tar:///var/folders/57/092cvvr53cq1qrhfhqvstjgr0000gn/T/npm-12967-pn_ZW1er/1424646806941-0.2761339333374053/tmp.tgz
27 verbose lock tar:///var/folders/57/092cvvr53cq1qrhfhqvstjgr0000gn/T/npm-12967-pn_ZW1er/1424646806941-0.2761339333374053/tmp.tgz /Users/davidmcclure/.npm/1621cde0-06941-0-2761339333374053-tmp-tgz.lock
28 silly gunzTarPerm modes [ '755', '644' ]
29 silly gunzTarPerm extractEntry package.json
30 silly gunzTarPerm extractEntry .npmignore
31 silly gunzTarPerm extractEntry README.md
32 silly gunzTarPerm extractEntry Gruntfile.js
33 silly gunzTarPerm extractEntry radio.controller.js
34 silly gunzTarPerm extractEntry .editorconfig
35 silly gunzTarPerm extractEntry grunt/mochaTest.js
36 silly gunzTarPerm extractEntry grunt/aliases.yaml
37 silly gunzTarPerm extractEntry test/commands.js
38 silly gunzTarPerm extractEntry test/events.js
39 silly gunzTarPerm extractEntry test/initialize.js
40 silly gunzTarPerm extractEntry test/requests.js
41 silly lockFile 1349fcca-06941-0-2761339333374053-package tar:///var/folders/57/092cvvr53cq1qrhfhqvstjgr0000gn/T/npm-12967-pn_ZW1er/1424646806941-0.2761339333374053/package
42 silly lockFile 1349fcca-06941-0-2761339333374053-package tar:///var/folders/57/092cvvr53cq1qrhfhqvstjgr0000gn/T/npm-12967-pn_ZW1er/1424646806941-0.2761339333374053/package
43 silly lockFile 1621cde0-06941-0-2761339333374053-tmp-tgz tar:///var/folders/57/092cvvr53cq1qrhfhqvstjgr0000gn/T/npm-12967-pn_ZW1er/1424646806941-0.2761339333374053/tmp.tgz
44 silly lockFile 1621cde0-06941-0-2761339333374053-tmp-tgz tar:///var/folders/57/092cvvr53cq1qrhfhqvstjgr0000gn/T/npm-12967-pn_ZW1er/1424646806941-0.2761339333374053/tmp.tgz
45 verbose tar pack [ '/Users/davidmcclure/.npm/radio.controller/0.2.0/package.tgz',
45 verbose tar pack   '/var/folders/57/092cvvr53cq1qrhfhqvstjgr0000gn/T/npm-12967-pn_ZW1er/1424646806941-0.2761339333374053/package' ]
46 verbose tarball /Users/davidmcclure/.npm/radio.controller/0.2.0/package.tgz
47 verbose folder /var/folders/57/092cvvr53cq1qrhfhqvstjgr0000gn/T/npm-12967-pn_ZW1er/1424646806941-0.2761339333374053/package
48 silly lockFile 1349fcca-06941-0-2761339333374053-package tar:///var/folders/57/092cvvr53cq1qrhfhqvstjgr0000gn/T/npm-12967-pn_ZW1er/1424646806941-0.2761339333374053/package
49 verbose lock tar:///var/folders/57/092cvvr53cq1qrhfhqvstjgr0000gn/T/npm-12967-pn_ZW1er/1424646806941-0.2761339333374053/package /Users/davidmcclure/.npm/1349fcca-06941-0-2761339333374053-package.lock
50 silly lockFile bfb87399-dio-controller-0-2-0-package-tgz tar:///Users/davidmcclure/.npm/radio.controller/0.2.0/package.tgz
51 verbose lock tar:///Users/davidmcclure/.npm/radio.controller/0.2.0/package.tgz /Users/davidmcclure/.npm/bfb87399-dio-controller-0-2-0-package-tgz.lock
52 silly lockFile 1349fcca-06941-0-2761339333374053-package tar:///var/folders/57/092cvvr53cq1qrhfhqvstjgr0000gn/T/npm-12967-pn_ZW1er/1424646806941-0.2761339333374053/package
53 silly lockFile 1349fcca-06941-0-2761339333374053-package tar:///var/folders/57/092cvvr53cq1qrhfhqvstjgr0000gn/T/npm-12967-pn_ZW1er/1424646806941-0.2761339333374053/package
54 silly lockFile bfb87399-dio-controller-0-2-0-package-tgz tar:///Users/davidmcclure/.npm/radio.controller/0.2.0/package.tgz
55 silly lockFile bfb87399-dio-controller-0-2-0-package-tgz tar:///Users/davidmcclure/.npm/radio.controller/0.2.0/package.tgz
56 silly lockFile f8524095-m-radio-controller-0-2-0-package /Users/davidmcclure/.npm/radio.controller/0.2.0/package
57 verbose lock /Users/davidmcclure/.npm/radio.controller/0.2.0/package /Users/davidmcclure/.npm/f8524095-m-radio-controller-0-2-0-package.lock
58 silly lockFile f8524095-m-radio-controller-0-2-0-package /Users/davidmcclure/.npm/radio.controller/0.2.0/package
59 silly lockFile f8524095-m-radio-controller-0-2-0-package /Users/davidmcclure/.npm/radio.controller/0.2.0/package
60 verbose tar unpack /Users/davidmcclure/.npm/radio.controller/0.2.0/package.tgz
61 silly lockFile f8a73f44-m-radio-controller-0-2-0-package tar:///Users/davidmcclure/.npm/radio.controller/0.2.0/package
62 verbose lock tar:///Users/davidmcclure/.npm/radio.controller/0.2.0/package /Users/davidmcclure/.npm/f8a73f44-m-radio-controller-0-2-0-package.lock
63 silly lockFile bfb87399-dio-controller-0-2-0-package-tgz tar:///Users/davidmcclure/.npm/radio.controller/0.2.0/package.tgz
64 verbose lock tar:///Users/davidmcclure/.npm/radio.controller/0.2.0/package.tgz /Users/davidmcclure/.npm/bfb87399-dio-controller-0-2-0-package-tgz.lock
65 silly gunzTarPerm modes [ '755', '644' ]
66 silly gunzTarPerm extractEntry package.json
67 silly gunzTarPerm extractEntry .npmignore
68 silly gunzTarPerm extractEntry README.md
69 silly gunzTarPerm extractEntry Gruntfile.js
70 silly gunzTarPerm extractEntry radio.controller.js
71 silly gunzTarPerm extractEntry .editorconfig
72 silly gunzTarPerm extractEntry grunt/mochaTest.js
73 silly gunzTarPerm extractEntry grunt/aliases.yaml
74 silly gunzTarPerm extractEntry test/commands.js
75 silly gunzTarPerm extractEntry test/events.js
76 silly gunzTarPerm extractEntry test/initialize.js
77 silly gunzTarPerm extractEntry test/requests.js
78 silly lockFile f8a73f44-m-radio-controller-0-2-0-package tar:///Users/davidmcclure/.npm/radio.controller/0.2.0/package
79 silly lockFile f8a73f44-m-radio-controller-0-2-0-package tar:///Users/davidmcclure/.npm/radio.controller/0.2.0/package
80 silly lockFile bfb87399-dio-controller-0-2-0-package-tgz tar:///Users/davidmcclure/.npm/radio.controller/0.2.0/package.tgz
81 silly lockFile bfb87399-dio-controller-0-2-0-package-tgz tar:///Users/davidmcclure/.npm/radio.controller/0.2.0/package.tgz
82 verbose chmod /Users/davidmcclure/.npm/radio.controller/0.2.0/package.tgz 644
83 verbose chown /Users/davidmcclure/.npm/radio.controller/0.2.0/package.tgz [ 501, 20 ]
84 silly lockFile 0ee6c175- ./
85 silly lockFile 0ee6c175- ./
86 silly publish { name: 'radio.controller',
86 silly publish   version: '0.2.0',
86 silly publish   description: 'A lightweight controller for backbone.radio.',
86 silly publish   author:
86 silly publish    { name: 'David McClure',
86 silly publish      email: 'davidwilliammcclure@gmail.com',
86 silly publish      url: 'http://dclure.org' },
86 silly publish   main: 'radio.controller.js',
86 silly publish   devDependencies:
86 silly publish    { browserify: '^5.11.0',
86 silly publish      chai: '^1.9.2',
86 silly publish      'grunt-contrib-watch': '^0.6.1',
86 silly publish      'grunt-mocha-test': '^0.12.1',
86 silly publish      'jit-grunt': '^0.8.0',
86 silly publish      'load-grunt-config': '^0.13.1',
86 silly publish      mocha: '^1.21.5',
86 silly publish      sinon: '^1.10.3',
86 silly publish      'sinon-chai': '^2.6.0',
86 silly publish      'time-grunt': '^1.0.0' },
86 silly publish   dependencies:
86 silly publish    { backbone: '^1.1.2',
86 silly publish      'backbone.radio': '^0.9.0',
86 silly publish      underscore: '^1.8.2' },
86 silly publish   readme: '# Radio.Controller\n\nAn itty-bitty, super-simple, low-drama controller component for [Backbone.radio](https://github.com/marionettejs/backbone.Radio).\n\n## Installation\n\nInstall with [npm](https://www.npmjs.org):\n\n```bash\nnpm install radio.controller --save\n```\n\nUse with [Browserify](http://browserify.org):\n\n```javascript\nvar Controller = require(\'backbone.radio\');\n```\n\n## Usage\n\nThe word "controller" has been used to describe lots of different patterns in front-end architecture in the last couple years. Here, it\'s just a simple component that automatically binds events, commands, and requests pubished with [Backbone.Radio](https://github.com/marionettejs/backbone.Radio) onto callbacks. A controller could be used in lots of different ways. I like to think of it as a component that _manges the lifecycle of a view_ - it instantiates it when the application starts, feeds it with data and triggers state changes, and tears it down when it\'s not needed anymore. But, there are lots of ways to skin a cat!\n\n### Events\n\nA controller can bind to events on multiple channels. Use the same syntax you\'d use to bind UI events to callbacks in a Backbone view:\n\n**Style 1: Like Backbone views**\n\n```javascript\nvar Ctl = Controller.extend({\n\n  events: {\n    \'channel1 event1\': \'event1\',\n    \'channel1 event2\': \'event2\',\n    \'channel2 event3\': \'event3\',\n    \'channel2 event4\': \'event4\'\n  },\n\n  event1: function() { /* .. */ },\n  event2: function() { /* .. */ },\n  event3: function() { /* .. */ },\n  event4: function() { /* .. */ }\n\n});\n```\n\nAnd, then, triggering the bound events will fire the callbacks.\n\n```javascript\nvar channel1 = Radio.channel(\'channel1\');\nchannel1.trigger(\'event1\'); // Calls Ctl.event1();\n```\n\nSometimes, you want to subscribe _lots_ of events on the same channel, and it gets annoying to duplicate the event name over and over again in the key names. If you want, you can use an alternate syntax that lets you nest a bunch of event-callback pairs under a single key that identifies the channel. So, this is equivalent:\n\n**Style 2: Nested objects**\n\n```javascript\nvar Ctl = Controller.extend({\n\n  events: {\n    channel1: {\n      event1: \'event1\',\n      event2: \'event2\'\n    },\n    channel2: {\n      event3: \'event3\',\n      event4: \'event4\'\n    }\n  },\n\n  event1: function() { /* .. */ },\n  event2: function() { /* .. */ },\n  event3: function() { /* .. */ },\n  event4: function() { /* .. */ }\n\n});\n```\n\n### Commands and Requests\n\nThe semantics of commands and requests are a bit different. So as not to violate the [single responsibity principle](http://en.wikipedia.org/wiki/Single_responsibility_principle) and incur the wrath of Robert Martin, Radio.Controller assumes that a controller only ever responds to commands or requests on a single channel. This makes sense, if you think about it - if you\'re writing a `Map` controller, it should respond to requests like `map:getLonLat` or `map:getZoom`, but not things like `timeline:getDate` - that\'s the `Timeline` controller\'s job.\n\nRadio.Controller formalizes this by connecting to a "local" channel set on the controller, and then binding command/request callbacks on that channel. Eg:\n\n```javascript\nvar Map = Controller.extend({\n\n  channel: \'map\',\n\n  commands: {\n    command1: \'command1\',\n    command2: \'command2\'\n  },\n\n  requests: {\n    request1: \'request1\',\n    request2: \'request2\'\n  },\n\n  command1: function() { /* .. */ },\n  command2: function() { /* .. */ },\n  request1: function() { /* .. */ },\n  request2: function() { /* .. */ }\n\n});\n```\n\nAnd, now, commands/requests on the `map` channel will get routed accordingly:\n\n```javascript\nvar mapChannel = Radio.channel(\'map\');\nmapChannel.command(\'command1\'); // Calls Map.command1();\nmapChannel.request(\'request2\'); // Calls Map.request2();\n```\n\n## Bugs/Ideas/PRs\n\nFile an issue here, or hit me up on Twitter ([@clured](https://twitter.com/clured)).\n',
86 silly publish   readmeFilename: 'README.md',
86 silly publish   _id: 'radio.controller@0.2.0',
86 silly publish   dist: { shasum: 'b7059ac9fb14faa37e6a4db8b1f80751a1cfc078' },
86 silly publish   _from: './' }
87 verbose url raw radio.controller
88 verbose url resolving [ 'https://registry.npmjs.org/', './radio.controller' ]
89 verbose url resolved https://registry.npmjs.org/radio.controller
90 info trying registry request attempt 1 at 15:13:27
91 http PUT https://registry.npmjs.org/radio.controller
92 http 403 https://registry.npmjs.org/radio.controller
93 error publish Failed PUT 403
94 error Error: forbidden cannot modify pre-existing version: 0.2.0
94 error old={"name":"radio.controller","version":"0.2.0","description":"A lightweight controller for backbone.radio.","author":{"name":"David McClure","email":"davidwilliammcclure@gmail.com","url":"http://dclure.org"},"main":"radio.controller.js","devDependencies":{"browserify":"^5.11.0","chai":"^1.9.2","grunt-contrib-watch":"^0.6.1","grunt-mocha-test":"^0.12.1","jit-grunt":"^0.8.0","load-grunt-config":"^0.13.1","mocha":"^1.21.5","sinon":"^1.10.3","sinon-chai":"^2.6.0","time-grunt":"^1.0.0"},"dependencies":{"backbone":"^1.1.2","backbone.radio":"^0.7.0","underscore":"^1.7.0"},"_id":"radio.controller@0.2.0","dist":{"shasum":"6f159337dc9406507d45880d9482ea854c8f9f57","tarball":"http://registry.npmjs.org/radio.controller/-/radio.controller-0.2.0.tgz"},"_from":".","_npmVersion":"1.4.6","_npmUser":{"name":"dclure","email":"davidwilliammcclure@gmail.com"},"maintainers":[{"name":"dclure","email":"davidwilliammcclure@gmail.com"}]}
94 error new={"name":"radio.controller","version":"0.2.0","description":"A lightweight controller for backbone.radio.","author":{"name":"David McClure","email":"davidwilliammcclure@gmail.com","url":"http://dclure.org"},"main":"radio.controller.js","devDependencies":{"browserify":"^5.11.0","chai":"^1.9.2","grunt-contrib-watch":"^0.6.1","grunt-mocha-test":"^0.12.1","jit-grunt":"^0.8.0","load-grunt-config":"^0.13.1","mocha":"^1.21.5","sinon":"^1.10.3","sinon-chai":"^2.6.0","time-grunt":"^1.0.0"},"dependencies":{"backbone":"^1.1.2","backbone.radio":"^0.9.0","underscore":"^1.8.2"},"readme":"# Radio.Controller\u000a\u000aAn itty-bitty, super-simple, low-drama controller component for [Backbone.radio](https://github.com/marionettejs/backbone.Radio).\u000a\u000a## Installation\u000a\u000aInstall with [npm](https://www.npmjs.org):\u000a\u000a```bash\u000anpm install radio.controller --save\u000a```\u000a\u000aUse with [Browserify](http://browserify.org):\u000a\u000a```javascript\u000avar Controller = require('backbone.radio');\u000a```\u000a\u000a## Usage\u000a\u000aThe word \"controller\" has been used to describe lots of different patterns in front-end architecture in the last couple years. Here, it's just a simple component that automatically binds events, commands, and requests pubished with [Backbone.Radio](https://github.com/marionettejs/backbone.Radio) onto callbacks. A controller could be used in lots of different ways. I like to think of it as a component that _manges the lifecycle of a view_ - it instantiates it when the application starts, feeds it with data and triggers state changes, and tears it down when it's not needed anymore. But, there are lots of ways to skin a cat!\u000a\u000a### Events\u000a\u000aA controller can bind to events on multiple channels. Use the same syntax you'd use to bind UI events to callbacks in a Backbone view:\u000a\u000a**Style 1: Like Backbone views**\u000a\u000a```javascript\u000avar Ctl = Controller.extend({\u000a\u000a  events: {\u000a    'channel1 event1': 'event1',\u000a    'channel1 event2': 'event2',\u000a    'channel2 event3': 'event3',\u000a    'channel2 event4': 'event4'\u000a  },\u000a\u000a  event1: function() { /* .. */ },\u000a  event2: function() { /* .. */ },\u000a  event3: function() { /* .. */ },\u000a  event4: function() { /* .. */ }\u000a\u000a});\u000a```\u000a\u000aAnd, then, triggering the bound events will fire the callbacks.\u000a\u000a```javascript\u000avar channel1 = Radio.channel('channel1');\u000achannel1.trigger('event1'); // Calls Ctl.event1();\u000a```\u000a\u000aSometimes, you want to subscribe _lots_ of events on the same channel, and it gets annoying to duplicate the event name over and over again in the key names. If you want, you can use an alternate syntax that lets you nest a bunch of event-callback pairs under a single key that identifies the channel. So, this is equivalent:\u000a\u000a**Style 2: Nested objects**\u000a\u000a```javascript\u000avar Ctl = Controller.extend({\u000a\u000a  events: {\u000a    channel1: {\u000a      event1: 'event1',\u000a      event2: 'event2'\u000a    },\u000a    channel2: {\u000a      event3: 'event3',\u000a      event4: 'event4'\u000a    }\u000a  },\u000a\u000a  event1: function() { /* .. */ },\u000a  event2: function() { /* .. */ },\u000a  event3: function() { /* .. */ },\u000a  event4: function() { /* .. */ }\u000a\u000a});\u000a```\u000a\u000a### Commands and Requests\u000a\u000aThe semantics of commands and requests are a bit different. So as not to violate the [single responsibity principle](http://en.wikipedia.org/wiki/Single_responsibility_principle) and incur the wrath of Robert Martin, Radio.Controller assumes that a controller only ever responds to commands or requests on a single channel. This makes sense, if you think about it - if you're writing a `Map` controller, it should respond to requests like `map:getLonLat` or `map:getZoom`, but not things like `timeline:getDate` - that's the `Timeline` controller's job.\u000a\u000aRadio.Controller formalizes this by connecting to a \"local\" channel set on the controller, and then binding command/request callbacks on that channel. Eg:\u000a\u000a```javascript\u000avar Map = Controller.extend({\u000a\u000a  channel: 'map',\u000a\u000a  commands: {\u000a    command1: 'command1',\u000a    command2: 'command2'\u000a  },\u000a\u000a  requests: {\u000a    request1: 'request1',\u000a    request2: 'request2'\u000a  },\u000a\u000a  command1: function() { /* .. */ },\u000a  command2: function() { /* .. */ },\u000a  request1: function() { /* .. */ },\u000a  request2: function() { /* .. */ }\u000a\u000a});\u000a```\u000a\u000aAnd, now, commands/requests on the `map` channel will get routed accordingly:\u000a\u000a```javascript\u000avar mapChannel = Radio.channel('map');\u000amapChannel.command('command1'); // Calls Map.command1();\u000amapChannel.request('request2'); // Calls Map.request2();\u000a```\u000a\u000a## Bugs/Ideas/PRs\u000a\u000aFile an issue here, or hit me up on Twitter ([@clured](https://twitter.com/clured)).\u000a","readmeFilename":"README.md","_id":"radio.controller@0.2.0","dist":{"shasum":"b7059ac9fb14faa37e6a4db8b1f80751a1cfc078","tarball":"http://registry.npmjs.org/radio.controller/-/radio.controller-0.2.0.tgz"},"_from":"./","_npmVersion":"1.4.6","_npmUser":{"name":"dclure","email":"davidwilliammcclure@gmail.com"},"maintainers":[{"name":"dclure","email":"davidwilliammcclure@gmail.com"}]}: radio.controller
94 error     at RegClient.<anonymous> (/usr/local/lib/node_modules/npm/node_modules/npm-registry-client/lib/request.js:254:14)
94 error     at Request._callback (/usr/local/lib/node_modules/npm/node_modules/npm-registry-client/lib/request.js:192:65)
94 error     at Request.self.callback (/usr/local/lib/node_modules/npm/node_modules/request/request.js:123:22)
94 error     at Request.EventEmitter.emit (events.js:98:17)
94 error     at Request.<anonymous> (/usr/local/lib/node_modules/npm/node_modules/request/request.js:893:14)
94 error     at Request.EventEmitter.emit (events.js:117:20)
94 error     at IncomingMessage.<anonymous> (/usr/local/lib/node_modules/npm/node_modules/request/request.js:844:12)
94 error     at IncomingMessage.EventEmitter.emit (events.js:117:20)
94 error     at _stream_readable.js:920:16
94 error     at process._tickCallback (node.js:415:13)
95 error If you need help, you may report this *entire* log,
95 error including the npm and node versions, at:
95 error     <http://github.com/npm/npm/issues>
96 error System Darwin 13.1.0
97 error command "node" "/usr/local/bin/npm" "publish" "./"
98 error cwd /Users/davidmcclure/Projects/radio.controller
99 error node -v v0.10.26
100 error npm -v 1.4.6
101 verbose exit [ 1, true ]
